INFO  [pool-3-thread-1] 2019-11-26 07:27:04,566 repast.simphony.batch.ssh.LocalDonePoller - Polled C:\Users\ZNO\AppData\Local\Temp\simphony_model_1574715409544 for DONE:  no
INFO  [pool-3-thread-1] 2019-11-26 07:28:04,571 repast.simphony.batch.ssh.LocalDonePoller - Polled C:\Users\ZNO\AppData\Local\Temp\simphony_model_1574715409544 for DONE:  no
INFO  [pool-3-thread-1] 2019-11-26 07:29:04,591 repast.simphony.batch.ssh.LocalDonePoller - Polled C:\Users\ZNO\AppData\Local\Temp\simphony_model_1574715409544 for DONE:  no
INFO  [pool-3-thread-1] 2019-11-26 07:30:04,611 repast.simphony.batch.ssh.LocalDonePoller - Polled C:\Users\ZNO\AppData\Local\Temp\simphony_model_1574715409544 for DONE:  no
INFO  [pool-3-thread-1] 2019-11-26 07:31:04,625 repast.simphony.batch.ssh.LocalDonePoller - Polled C:\Users\ZNO\AppData\Local\Temp\simphony_model_1574715409544 for DONE:  no
INFO  [pool-3-thread-1] 2019-11-26 07:32:04,634 repast.simphony.batch.ssh.LocalDonePoller - Polled C:\Users\ZNO\AppData\Local\Temp\simphony_model_1574715409544 for DONE:  no
INFO  [pool-3-thread-1] 2019-11-26 07:33:04,650 repast.simphony.batch.ssh.LocalDonePoller - Polled C:\Users\ZNO\AppData\Local\Temp\simphony_model_1574715409544 for DONE:  no
INFO  [pool-3-thread-1] 2019-11-26 07:34:04,653 repast.simphony.batch.ssh.LocalDonePoller - Polled C:\Users\ZNO\AppData\Local\Temp\simphony_model_1574715409544 for DONE:  no
INFO  [pool-3-thread-1] 2019-11-26 07:35:04,657 repast.simphony.batch.ssh.LocalDonePoller - Polled C:\Users\ZNO\AppData\Local\Temp\simphony_model_1574715409544 for DONE:  no
INFO  [pool-3-thread-1] 2019-11-26 07:36:04,672 repast.simphony.batch.ssh.LocalDonePoller - Polled C:\Users\ZNO\AppData\Local\Temp\simphony_model_1574715409544 for DONE:  no
INFO  [pool-3-thread-1] 2019-11-26 07:37:04,683 repast.simphony.batch.ssh.LocalDonePoller - Polled C:\Users\ZNO\AppData\Local\Temp\simphony_model_1574715409544 for DONE:  no
INFO  [pool-3-thread-1] 2019-11-26 07:38:04,700 repast.simphony.batch.ssh.LocalDonePoller - Polled C:\Users\ZNO\AppData\Local\Temp\simphony_model_1574715409544 for DONE:  no
INFO  [pool-3-thread-1] 2019-11-26 07:39:04,718 repast.simphony.batch.ssh.LocalDonePoller - Polled C:\Users\ZNO\AppData\Local\Temp\simphony_model_1574715409544 for DONE:  no
INFO  [pool-3-thread-1] 2019-11-26 07:40:04,725 repast.simphony.batch.ssh.LocalDonePoller - Polled C:\Users\ZNO\AppData\Local\Temp\simphony_model_1574715409544 for DONE:  no
INFO  [pool-3-thread-1] 2019-11-26 07:41:04,740 repast.simphony.batch.ssh.LocalDonePoller - Polled C:\Users\ZNO\AppData\Local\Temp\simphony_model_1574715409544 for DONE:  no
INFO  [pool-3-thread-1] 2019-11-26 07:42:04,744 repast.simphony.batch.ssh.LocalDonePoller - Polled C:\Users\ZNO\AppData\Local\Temp\simphony_model_1574715409544 for DONE:  no
INFO  [pool-3-thread-1] 2019-11-26 07:43:04,757 repast.simphony.batch.ssh.LocalDonePoller - Polled C:\Users\ZNO\AppData\Local\Temp\simphony_model_1574715409544 for DONE:  no
INFO  [pool-3-thread-1] 2019-11-26 07:44:04,776 repast.simphony.batch.ssh.LocalDonePoller - Polled C:\Users\ZNO\AppData\Local\Temp\simphony_model_1574715409544 for DONE:  no
INFO  [pool-3-thread-1] 2019-11-26 07:45:04,795 repast.simphony.batch.ssh.LocalDonePoller - Polled C:\Users\ZNO\AppData\Local\Temp\simphony_model_1574715409544 for DONE:  no
INFO  [pool-3-thread-1] 2019-11-26 07:46:04,805 repast.simphony.batch.ssh.LocalDonePoller - Polled C:\Users\ZNO\AppData\Local\Temp\simphony_model_1574715409544 for DONE:  no
INFO  [pool-3-thread-1] 2019-11-26 07:47:04,816 repast.simphony.batch.ssh.LocalDonePoller - Polled C:\Users\ZNO\AppData\Local\Temp\simphony_model_1574715409544 for DONE:  no
INFO  [pool-3-thread-1] 2019-11-26 07:48:04,820 repast.simphony.batch.ssh.LocalDonePoller - Polled C:\Users\ZNO\AppData\Local\Temp\simphony_model_1574715409544 for DONE:  no
INFO  [pool-3-thread-1] 2019-11-26 07:49:04,832 repast.simphony.batch.ssh.LocalDonePoller - Polled C:\Users\ZNO\AppData\Local\Temp\simphony_model_1574715409544 for DONE:  no
INFO  [pool-3-thread-1] 2019-11-26 07:50:04,845 repast.simphony.batch.ssh.LocalDonePoller - Polled C:\Users\ZNO\AppData\Local\Temp\simphony_model_1574715409544 for DONE:  no
INFO  [pool-3-thread-1] 2019-11-26 07:51:04,863 repast.simphony.batch.ssh.LocalDonePoller - Polled C:\Users\ZNO\AppData\Local\Temp\simphony_model_1574715409544 for DONE:  no
INFO  [pool-3-thread-1] 2019-11-26 07:52:04,870 repast.simphony.batch.ssh.LocalDonePoller - Polled C:\Users\ZNO\AppData\Local\Temp\simphony_model_1574715409544 for DONE:  no
INFO  [pool-3-thread-1] 2019-11-26 07:53:04,874 repast.simphony.batch.ssh.LocalDonePoller - Polled C:\Users\ZNO\AppData\Local\Temp\simphony_model_1574715409544 for DONE:  no
INFO  [pool-3-thread-1] 2019-11-26 07:54:04,877 repast.simphony.batch.ssh.LocalDonePoller - Polled C:\Users\ZNO\AppData\Local\Temp\simphony_model_1574715409544 for DONE:  no
INFO  [pool-3-thread-1] 2019-11-26 07:55:04,885 repast.simphony.batch.ssh.LocalDonePoller - Polled C:\Users\ZNO\AppData\Local\Temp\simphony_model_1574715409544 for DONE:  no
INFO  [pool-3-thread-1] 2019-11-26 07:56:04,889 repast.simphony.batch.ssh.LocalDonePoller - Polled C:\Users\ZNO\AppData\Local\Temp\simphony_model_1574715409544 for DONE:  no
INFO  [pool-3-thread-1] 2019-11-26 07:57:04,909 repast.simphony.batch.ssh.LocalDonePoller - Polled C:\Users\ZNO\AppData\Local\Temp\simphony_model_1574715409544 for DONE:  no
INFO  [pool-3-thread-1] 2019-11-26 07:58:04,930 repast.simphony.batch.ssh.LocalDonePoller - Polled C:\Users\ZNO\AppData\Local\Temp\simphony_model_1574715409544 for DONE:  no
INFO  [pool-3-thread-1] 2019-11-26 07:59:04,940 repast.simphony.batch.ssh.LocalDonePoller - Polled C:\Users\ZNO\AppData\Local\Temp\simphony_model_1574715409544 for DONE:  no
INFO  [pool-3-thread-1] 2019-11-26 08:00:04,945 repast.simphony.batch.ssh.LocalDonePoller - Polled C:\Users\ZNO\AppData\Local\Temp\simphony_model_1574715409544 for DONE:  no
INFO  [pool-3-thread-1] 2019-11-26 08:01:04,954 repast.simphony.batch.ssh.LocalDonePoller - Polled C:\Users\ZNO\AppData\Local\Temp\simphony_model_1574715409544 for DONE:  no
INFO  [pool-3-thread-1] 2019-11-26 08:02:04,961 repast.simphony.batch.ssh.LocalDonePoller - Polled C:\Users\ZNO\AppData\Local\Temp\simphony_model_1574715409544 for DONE:  no
INFO  [pool-3-thread-1] 2019-11-26 08:03:04,963 repast.simphony.batch.ssh.LocalDonePoller - Polled C:\Users\ZNO\AppData\Local\Temp\simphony_model_1574715409544 for DONE:  no
INFO  [pool-3-thread-1] 2019-11-26 08:04:04,968 repast.simphony.batch.ssh.LocalDonePoller - Polled C:\Users\ZNO\AppData\Local\Temp\simphony_model_1574715409544 for DONE:  no
INFO  [pool-3-thread-1] 2019-11-26 08:05:04,969 repast.simphony.batch.ssh.LocalDonePoller - Polled C:\Users\ZNO\AppData\Local\Temp\simphony_model_1574715409544 for DONE:  no
INFO  [pool-3-thread-1] 2019-11-26 08:06:04,982 repast.simphony.batch.ssh.LocalDonePoller - Polled C:\Users\ZNO\AppData\Local\Temp\simphony_model_1574715409544 for DONE:  no
INFO  [pool-3-thread-1] 2019-11-26 08:07:04,989 repast.simphony.batch.ssh.LocalDonePoller - Polled C:\Users\ZNO\AppData\Local\Temp\simphony_model_1574715409544 for DONE:  no
INFO  [pool-3-thread-1] 2019-11-26 08:08:05,006 repast.simphony.batch.ssh.LocalDonePoller - Polled C:\Users\ZNO\AppData\Local\Temp\simphony_model_1574715409544 for DONE:  no
INFO  [pool-3-thread-1] 2019-11-26 08:09:05,021 repast.simphony.batch.ssh.LocalDonePoller - Polled C:\Users\ZNO\AppData\Local\Temp\simphony_model_1574715409544 for DONE:  no
INFO  [pool-3-thread-1] 2019-11-26 08:10:05,022 repast.simphony.batch.ssh.LocalDonePoller - Polled C:\Users\ZNO\AppData\Local\Temp\simphony_model_1574715409544 for DONE:  no
INFO  [pool-3-thread-1] 2019-11-26 08:11:05,030 repast.simphony.batch.ssh.LocalDonePoller - Polled C:\Users\ZNO\AppData\Local\Temp\simphony_model_1574715409544 for DONE:  no
INFO  [pool-3-thread-1] 2019-11-26 08:12:05,040 repast.simphony.batch.ssh.LocalDonePoller - Polled C:\Users\ZNO\AppData\Local\Temp\simphony_model_1574715409544 for DONE:  no
INFO  [pool-3-thread-1] 2019-11-26 08:13:05,057 repast.simphony.batch.ssh.LocalDonePoller - Polled C:\Users\ZNO\AppData\Local\Temp\simphony_model_1574715409544 for DONE:  no
INFO  [pool-3-thread-1] 2019-11-26 08:14:05,067 repast.simphony.batch.ssh.LocalDonePoller - Polled C:\Users\ZNO\AppData\Local\Temp\simphony_model_1574715409544 for DONE:  no
INFO  [pool-3-thread-1] 2019-11-26 08:15:05,070 repast.simphony.batch.ssh.LocalDonePoller - Polled C:\Users\ZNO\AppData\Local\Temp\simphony_model_1574715409544 for DONE:  no
INFO  [pool-3-thread-1] 2019-11-26 08:16:05,075 repast.simphony.batch.ssh.LocalDonePoller - Polled C:\Users\ZNO\AppData\Local\Temp\simphony_model_1574715409544 for DONE:  no
INFO  [pool-3-thread-1] 2019-11-26 08:17:05,078 repast.simphony.batch.ssh.LocalDonePoller - Polled C:\Users\ZNO\AppData\Local\Temp\simphony_model_1574715409544 for DONE:  no
INFO  [pool-3-thread-1] 2019-11-26 08:18:05,079 repast.simphony.batch.ssh.LocalDonePoller - Polled C:\Users\ZNO\AppData\Local\Temp\simphony_model_1574715409544 for DONE:  no
INFO  [pool-3-thread-1] 2019-11-26 08:19:05,079 repast.simphony.batch.ssh.LocalDonePoller - Polled C:\Users\ZNO\AppData\Local\Temp\simphony_model_1574715409544 for DONE:  no
INFO  [pool-3-thread-1] 2019-11-26 08:20:05,093 repast.simphony.batch.ssh.LocalDonePoller - Polled C:\Users\ZNO\AppData\Local\Temp\simphony_model_1574715409544 for DONE:  no
INFO  [pool-3-thread-1] 2019-11-26 08:21:05,106 repast.simphony.batch.ssh.LocalDonePoller - Polled C:\Users\ZNO\AppData\Local\Temp\simphony_model_1574715409544 for DONE:  no
INFO  [pool-3-thread-1] 2019-11-26 08:22:05,113 repast.simphony.batch.ssh.LocalDonePoller - Polled C:\Users\ZNO\AppData\Local\Temp\simphony_model_1574715409544 for DONE:  no
INFO  [pool-3-thread-1] 2019-11-26 08:23:05,121 repast.simphony.batch.ssh.LocalDonePoller - Polled C:\Users\ZNO\AppData\Local\Temp\simphony_model_1574715409544 for DONE:  no
INFO  [pool-3-thread-1] 2019-11-26 08:24:05,125 repast.simphony.batch.ssh.LocalDonePoller - Polled C:\Users\ZNO\AppData\Local\Temp\simphony_model_1574715409544 for DONE:  no
INFO  [pool-3-thread-1] 2019-11-26 08:25:05,129 repast.simphony.batch.ssh.LocalDonePoller - Polled C:\Users\ZNO\AppData\Local\Temp\simphony_model_1574715409544 for DONE:  no
INFO  [pool-3-thread-1] 2019-11-26 08:26:05,139 repast.simphony.batch.ssh.LocalDonePoller - Polled C:\Users\ZNO\AppData\Local\Temp\simphony_model_1574715409544 for DONE:  no
INFO  [pool-3-thread-1] 2019-11-26 08:27:05,157 repast.simphony.batch.ssh.LocalDonePoller - Polled C:\Users\ZNO\AppData\Local\Temp\simphony_model_1574715409544 for DONE:  no
INFO  [pool-3-thread-1] 2019-11-26 08:28:05,161 repast.simphony.batch.ssh.LocalDonePoller - Polled C:\Users\ZNO\AppData\Local\Temp\simphony_model_1574715409544 for DONE:  no
INFO  [pool-3-thread-1] 2019-11-26 08:29:05,180 repast.simphony.batch.ssh.LocalDonePoller - Polled C:\Users\ZNO\AppData\Local\Temp\simphony_model_1574715409544 for DONE:  no
INFO  [pool-3-thread-1] 2019-11-26 08:30:05,191 repast.simphony.batch.ssh.LocalDonePoller - Polled C:\Users\ZNO\AppData\Local\Temp\simphony_model_1574715409544 for DONE:  no
INFO  [pool-3-thread-1] 2019-11-26 08:31:05,202 repast.simphony.batch.ssh.LocalDonePoller - Polled C:\Users\ZNO\AppData\Local\Temp\simphony_model_1574715409544 for DONE:  no
INFO  [pool-3-thread-1] 2019-11-26 08:32:05,216 repast.simphony.batch.ssh.LocalDonePoller - Polled C:\Users\ZNO\AppData\Local\Temp\simphony_model_1574715409544 for DONE:  no
INFO  [pool-3-thread-1] 2019-11-26 08:33:05,222 repast.simphony.batch.ssh.LocalDonePoller - Polled C:\Users\ZNO\AppData\Local\Temp\simphony_model_1574715409544 for DONE:  yes
INFO  [SwingWorker-pool-2-thread-1] 2019-11-26 08:33:05,222 repast.simphony.batch.ssh.SessionsDriver - Run Time: 636,2249
INFO  [SwingWorker-pool-2-thread-1] 2019-11-26 08:33:05,342 repast.simphony.batch.ssh.LocalSession - Finding output on localhost in C:\Users\ZNO\AppData\Local\Temp\simphony_model_1574715409544
INFO  [SwingWorker-pool-2-thread-1] 2019-11-26 08:33:05,358 repast.simphony.batch.ssh.SessionsDriver - Aggregating output into C:/Users/ZNO/eclipse-workspace/Zombies/output
INFO  [SwingWorker-pool-2-thread-1] 2019-11-26 08:33:05,389 repast.simphony.batch.ssh.SessionsDriver - Get Output Time: 0,0028
INFO  [SwingWorker-pool-2-thread-1] 2019-11-26 08:33:05,389 repast.simphony.batch.ssh.SessionsDriver - Finished. Elapsed Time: 636,2651
